<?xml version="1.0" encoding="UTF-8"?>
<!-- Generated by org.testng.reporters.JUnitReportReporter -->
<testsuite skipped="0" hostname="DESKTOP-N308L1J" name="test.AddContactTest" tests="1" failures="0" timestamp="16 May 2020 19:20:51 GMT" time="27.681" errors="0">
  <testcase name="userShouldBeAbleAddContact" time="27.681" classname="test.AddContactTest"/>
</testsuite> <!-- test.AddContactTest -->
