<?xml version="1.0" encoding="UTF-8"?>
<!-- Generated by org.testng.reporters.JUnitReportReporter -->
<testsuite skipped="0" hostname="DESKTOP-N308L1J" name="test.LoginTest" tests="1" failures="0" timestamp="16 May 2020 17:29:55 GMT" time="11.751" errors="0">
  <testcase name="validUserShouldBeAbleToLogin" time="11.751" classname="test.LoginTest"/>
</testsuite> <!-- test.LoginTest -->
